<?xml version="1.0" encoding="UTF-8"?>
<testng-results ignored="0" total="1" passed="1" failed="0" skipped="0">
  <reporter-output>
  </reporter-output>
  <suite started-at="2024-12-13T15:29:00 IST" name="Default suite" finished-at="2024-12-13T15:29:14 IST" duration-ms="14239">
    <groups>
    </groups>
    <test started-at="2024-12-13T15:29:00 IST" name="Default test" finished-at="2024-12-13T15:29:14 IST" duration-ms="14239">
      <class name="BASECLASS.Testcase01">
        <test-method is-config="true" signature="openapp()[pri:0, instance:BASECLASS.Testcase01@28261e8e]" started-at="2024-12-13T15:29:00 IST" name="openapp" finished-at="2024-12-13T15:29:05 IST" duration-ms="5305" status="PASS">
          <reporter-output>
          </reporter-output>
        </test-method> <!-- openapp -->
        <test-method signature="logintest()[pri:0, instance:BASECLASS.Testcase01@28261e8e]" started-at="2024-12-13T15:29:05 IST" name="logintest" finished-at="2024-12-13T15:29:14 IST" duration-ms="8707" status="PASS">
          <reporter-output>
          </reporter-output>
        </test-method> <!-- logintest -->
        <test-method is-config="true" signature="closeapp()[pri:0, instance:BASECLASS.Testcase01@28261e8e]" started-at="2024-12-13T15:29:14 IST" name="closeapp" finished-at="2024-12-13T15:29:14 IST" duration-ms="150" status="PASS">
          <reporter-output>
          </reporter-output>
        </test-method> <!-- closeapp -->
      </class> <!-- BASECLASS.Testcase01 -->
    </test> <!-- Default test -->
  </suite> <!-- Default suite -->
</testng-results>
